0 info it worked if it ends with ok
1 verbose cli [ 'C:\\Program Files\\nodejs\\node.exe',
1 verbose cli   'C:\\Program Files\\nodejs\\node_modules\\npm\\bin\\npm-cli.js',
1 verbose cli   'install',
1 verbose cli   'x509',
1 verbose cli   '--save' ]
2 info using npm@3.9.5
3 info using node@v6.2.2
4 silly loadCurrentTree Starting
5 silly install loadCurrentTree
6 silly install readLocalPackageData
7 silly fetchPackageMetaData x509
8 silly fetchNamedPackageData x509
9 silly mapToRegistry name x509
10 silly mapToRegistry using default registry
11 silly mapToRegistry registry https://registry.npmjs.org/
12 silly mapToRegistry data Result {
12 silly mapToRegistry   raw: 'x509',
12 silly mapToRegistry   scope: null,
12 silly mapToRegistry   name: 'x509',
12 silly mapToRegistry   rawSpec: '',
12 silly mapToRegistry   spec: 'latest',
12 silly mapToRegistry   type: 'tag' }
13 silly mapToRegistry uri https://registry.npmjs.org/x509
14 verbose request uri https://registry.npmjs.org/x509
15 verbose request no auth needed
16 info attempt registry request try #1 at 5:38:53 PM
17 verbose request id b1716153f0ca004e
18 verbose etag "54PS4VOGO53GAAN8O9TGJ0UG"
19 http request GET https://registry.npmjs.org/x509
20 http 304 https://registry.npmjs.org/x509
21 verbose headers { date: 'Tue, 16 Aug 2016 15:38:56 GMT',
21 verbose headers   via: '1.1 varnish',
21 verbose headers   'cache-control': 'max-age=300',
21 verbose headers   etag: '"54PS4VOGO53GAAN8O9TGJ0UG"',
21 verbose headers   age: '0',
21 verbose headers   connection: 'keep-alive',
21 verbose headers   'x-served-by': 'cache-bma7033-BMA',
21 verbose headers   'x-cache': 'MISS',
21 verbose headers   'x-cache-hits': '0',
21 verbose headers   'x-timer': 'S1471361936.732768,VS0,VE213',
21 verbose headers   vary: 'Accept-Encoding' }
22 silly get cb [ 304,
22 silly get   { date: 'Tue, 16 Aug 2016 15:38:56 GMT',
22 silly get     via: '1.1 varnish',
22 silly get     'cache-control': 'max-age=300',
22 silly get     etag: '"54PS4VOGO53GAAN8O9TGJ0UG"',
22 silly get     age: '0',
22 silly get     connection: 'keep-alive',
22 silly get     'x-served-by': 'cache-bma7033-BMA',
22 silly get     'x-cache': 'MISS',
22 silly get     'x-cache-hits': '0',
22 silly get     'x-timer': 'S1471361936.732768,VS0,VE213',
22 silly get     vary: 'Accept-Encoding' } ]
23 verbose etag https://registry.npmjs.org/x509 from cache
24 verbose get saving x509 to C:\Users\david\AppData\Roaming\npm-cache\registry.npmjs.org\x509\.cache.json
25 verbose correctMkdir C:\Users\david\AppData\Roaming\npm-cache correctMkdir not in flight; initializing
26 silly install normalizeTree
27 silly loadCurrentTree Finishing
28 silly loadIdealTree Starting
29 silly install loadIdealTree
30 silly cloneCurrentTree Starting
31 silly install cloneCurrentTreeToIdealTree
32 silly cloneCurrentTree Finishing
33 silly loadShrinkwrap Starting
34 silly install loadShrinkwrap
35 silly loadShrinkwrap Finishing
36 silly loadAllDepsIntoIdealTree Starting
37 silly install loadAllDepsIntoIdealTree
38 silly resolveWithNewModule x509@0.2.6 checking installable status
39 silly cache add args [ 'x509', null ]
40 verbose cache add spec x509
41 silly cache add parsed spec Result {
41 silly cache add   raw: 'x509',
41 silly cache add   scope: null,
41 silly cache add   name: 'x509',
41 silly cache add   rawSpec: '',
41 silly cache add   spec: 'latest',
41 silly cache add   type: 'tag' }
42 silly addNamed x509@latest
43 verbose addNamed "latest" is being treated as a dist-tag for x509
44 info addNameTag [ 'x509', 'latest' ]
45 silly mapToRegistry name x509
46 silly mapToRegistry using default registry
47 silly mapToRegistry registry https://registry.npmjs.org/
48 silly mapToRegistry data Result {
48 silly mapToRegistry   raw: 'x509',
48 silly mapToRegistry   scope: null,
48 silly mapToRegistry   name: 'x509',
48 silly mapToRegistry   rawSpec: '',
48 silly mapToRegistry   spec: 'latest',
48 silly mapToRegistry   type: 'tag' }
49 silly mapToRegistry uri https://registry.npmjs.org/x509
50 verbose addNameTag registry:https://registry.npmjs.org/x509 not in flight; fetching
51 verbose get https://registry.npmjs.org/x509 not expired, no request
52 silly addNameTag next cb for x509 with tag latest
53 silly addNamed x509@0.2.6
54 verbose addNamed "0.2.6" is a plain semver version for x509
55 silly cache afterAdd x509@0.2.6
56 verbose afterAdd C:\Users\david\AppData\Roaming\npm-cache\x509\0.2.6\package\package.json not in flight; writing
57 verbose correctMkdir C:\Users\david\AppData\Roaming\npm-cache correctMkdir not in flight; initializing
58 verbose afterAdd C:\Users\david\AppData\Roaming\npm-cache\x509\0.2.6\package\package.json written
59 silly fetchNamedPackageData nan
60 silly mapToRegistry name nan
61 silly mapToRegistry using default registry
62 silly mapToRegistry registry https://registry.npmjs.org/
63 silly mapToRegistry data Result {
63 silly mapToRegistry   raw: 'nan',
63 silly mapToRegistry   scope: null,
63 silly mapToRegistry   name: 'nan',
63 silly mapToRegistry   rawSpec: '',
63 silly mapToRegistry   spec: 'latest',
63 silly mapToRegistry   type: 'tag' }
64 silly mapToRegistry uri https://registry.npmjs.org/nan
65 verbose request uri https://registry.npmjs.org/nan
66 verbose request no auth needed
67 info attempt registry request try #1 at 5:38:54 PM
68 verbose etag "EGTR1APXEV7TH8V3QYT0WN357"
69 http request GET https://registry.npmjs.org/nan
70 http 200 https://registry.npmjs.org/nan
71 verbose headers { server: 'CouchDB/1.5.0 (Erlang OTP/R16B03)',
71 verbose headers   etag: '"949HLN1DZJAOETVF9W8UFY5PE"',
71 verbose headers   'content-type': 'application/json',
71 verbose headers   'content-encoding': 'gzip',
71 verbose headers   'cache-control': 'max-age=300',
71 verbose headers   'content-length': '17128',
71 verbose headers   'accept-ranges': 'bytes',
71 verbose headers   date: 'Tue, 16 Aug 2016 15:38:57 GMT',
71 verbose headers   via: '1.1 varnish',
71 verbose headers   age: '41',
71 verbose headers   connection: 'keep-alive',
71 verbose headers   'x-served-by': 'cache-bma7033-BMA',
71 verbose headers   'x-cache': 'HIT',
71 verbose headers   'x-cache-hits': '1',
71 verbose headers   'x-timer': 'S1471361937.223170,VS0,VE1',
71 verbose headers   vary: 'Accept-Encoding' }
72 silly get cb [ 200,
72 silly get   { server: 'CouchDB/1.5.0 (Erlang OTP/R16B03)',
72 silly get     etag: '"949HLN1DZJAOETVF9W8UFY5PE"',
72 silly get     'content-type': 'application/json',
72 silly get     'content-encoding': 'gzip',
72 silly get     'cache-control': 'max-age=300',
72 silly get     'content-length': '17128',
72 silly get     'accept-ranges': 'bytes',
72 silly get     date: 'Tue, 16 Aug 2016 15:38:57 GMT',
72 silly get     via: '1.1 varnish',
72 silly get     age: '41',
72 silly get     connection: 'keep-alive',
72 silly get     'x-served-by': 'cache-bma7033-BMA',
72 silly get     'x-cache': 'HIT',
72 silly get     'x-cache-hits': '1',
72 silly get     'x-timer': 'S1471361937.223170,VS0,VE1',
72 silly get     vary: 'Accept-Encoding' } ]
73 verbose get saving nan to C:\Users\david\AppData\Roaming\npm-cache\registry.npmjs.org\nan\.cache.json
74 verbose correctMkdir C:\Users\david\AppData\Roaming\npm-cache correctMkdir not in flight; initializing
75 silly resolveWithNewModule nan@2.2.0 checking installable status
76 silly cache add args [ 'nan@2.2.0', null ]
77 verbose cache add spec nan@2.2.0
78 silly cache add parsed spec Result {
78 silly cache add   raw: 'nan@2.2.0',
78 silly cache add   scope: null,
78 silly cache add   name: 'nan',
78 silly cache add   rawSpec: '2.2.0',
78 silly cache add   spec: '2.2.0',
78 silly cache add   type: 'version' }
79 silly addNamed nan@2.2.0
80 verbose addNamed "2.2.0" is a plain semver version for nan
81 silly mapToRegistry name nan
82 silly mapToRegistry using default registry
83 silly mapToRegistry registry https://registry.npmjs.org/
84 silly mapToRegistry data Result {
84 silly mapToRegistry   raw: 'nan',
84 silly mapToRegistry   scope: null,
84 silly mapToRegistry   name: 'nan',
84 silly mapToRegistry   rawSpec: '',
84 silly mapToRegistry   spec: 'latest',
84 silly mapToRegistry   type: 'tag' }
85 silly mapToRegistry uri https://registry.npmjs.org/nan
86 verbose addNameVersion registry:https://registry.npmjs.org/nan not in flight; fetching
87 verbose get https://registry.npmjs.org/nan not expired, no request
88 silly cache afterAdd nan@2.2.0
89 verbose afterAdd C:\Users\david\AppData\Roaming\npm-cache\nan\2.2.0\package\package.json not in flight; writing
90 verbose correctMkdir C:\Users\david\AppData\Roaming\npm-cache correctMkdir not in flight; initializing
91 verbose afterAdd C:\Users\david\AppData\Roaming\npm-cache\nan\2.2.0\package\package.json written
92 silly loadAllDepsIntoIdealTree Finishing
93 silly idealTree:prePrune node-soap-test@0.0.0
93 silly idealTree:prePrune +-- accepts@1.2.13
93 silly idealTree:prePrune +-- acorn-globals@1.0.9
93 silly idealTree:prePrune +-- acorn@2.7.0
93 silly idealTree:prePrune +-- align-text@0.1.4
93 silly idealTree:prePrune +-- amdefine@1.0.0
93 silly idealTree:prePrune +-- ansi-regex@2.0.0
93 silly idealTree:prePrune +-- ansi-styles@2.2.1
93 silly idealTree:prePrune +-- array-find-index@1.0.1
93 silly idealTree:prePrune +-- array-flatten@1.1.1
93 silly idealTree:prePrune +-- asap@1.0.0
93 silly idealTree:prePrune +-- asn1@0.2.3
93 silly idealTree:prePrune +-- assert-plus@0.2.0
93 silly idealTree:prePrune +-- async@0.2.10
93 silly idealTree:prePrune +-- aws-sign2@0.6.0
93 silly idealTree:prePrune +-- aws4@1.4.1
93 silly idealTree:prePrune +-- basic-auth@1.0.4
93 silly idealTree:prePrune +-- bl@1.1.2
93 silly idealTree:prePrune +-- body-parser@1.15.2
93 silly idealTree:prePrune +-- boom@2.10.1
93 silly idealTree:prePrune +-- bufferjs@3.0.1
93 silly idealTree:prePrune +-- builtin-modules@1.1.1
93 silly idealTree:prePrune +-- bytes@2.4.0
93 silly idealTree:prePrune +-- camelcase-keys@2.1.0
93 silly idealTree:prePrune | `-- camelcase@2.1.1
93 silly idealTree:prePrune +-- camelcase@1.2.1
93 silly idealTree:prePrune +-- caseless@0.11.0
93 silly idealTree:prePrune +-- center-align@0.1.3
93 silly idealTree:prePrune +-- chalk@1.1.3
93 silly idealTree:prePrune +-- character-parser@1.2.1
93 silly idealTree:prePrune +-- clean-css@3.4.18
93 silly idealTree:prePrune | `-- commander@2.8.1
93 silly idealTree:prePrune +-- cliui@2.1.0
93 silly idealTree:prePrune | `-- wordwrap@0.0.2
93 silly idealTree:prePrune +-- colors@1.0.3
93 silly idealTree:prePrune +-- combined-stream@1.0.5
93 silly idealTree:prePrune +-- commander@2.6.0
93 silly idealTree:prePrune +-- constantinople@3.0.2
93 silly idealTree:prePrune +-- content-disposition@0.5.1
93 silly idealTree:prePrune +-- content-type@1.0.2
93 silly idealTree:prePrune +-- cookie-parser@1.4.3
93 silly idealTree:prePrune +-- cookie-signature@1.0.6
93 silly idealTree:prePrune +-- cookie@0.3.1
93 silly idealTree:prePrune +-- core-util-is@1.0.2
93 silly idealTree:prePrune +-- cryptiles@2.0.5
93 silly idealTree:prePrune +-- css-parse@1.0.4
93 silly idealTree:prePrune +-- css-stringify@1.0.5
93 silly idealTree:prePrune +-- css@1.0.8
93 silly idealTree:prePrune +-- currently-unhandled@0.4.1
93 silly idealTree:prePrune +-- cycle@1.0.3
93 silly idealTree:prePrune +-- dashdash@1.14.0
93 silly idealTree:prePrune | `-- assert-plus@1.0.0
93 silly idealTree:prePrune +-- dateformat@1.0.12
93 silly idealTree:prePrune +-- debug@2.2.0
93 silly idealTree:prePrune +-- decamelize@1.2.0
93 silly idealTree:prePrune +-- delayed-stream@1.0.0
93 silly idealTree:prePrune +-- depd@1.1.0
93 silly idealTree:prePrune +-- destroy@1.0.4
93 silly idealTree:prePrune +-- ecc-jsbn@0.1.1
93 silly idealTree:prePrune +-- ee-first@1.1.1
93 silly idealTree:prePrune +-- error-ex@1.3.0
93 silly idealTree:prePrune +-- escape-html@1.0.3
93 silly idealTree:prePrune +-- escape-string-regexp@1.0.5
93 silly idealTree:prePrune +-- etag@1.7.0
93 silly idealTree:prePrune +-- express@4.13.4
93 silly idealTree:prePrune | +-- cookie@0.1.5
93 silly idealTree:prePrune | `-- qs@4.0.0
93 silly idealTree:prePrune +-- extend@3.0.0
93 silly idealTree:prePrune +-- extsprintf@1.0.2
93 silly idealTree:prePrune +-- eyes@0.1.8
93 silly idealTree:prePrune +-- finalhandler@0.4.1
93 silly idealTree:prePrune +-- find-up@1.1.2
93 silly idealTree:prePrune +-- first-chunk-stream@0.1.0
93 silly idealTree:prePrune +-- forever-agent@0.6.1
93 silly idealTree:prePrune +-- form-data@1.0.0-rc4
93 silly idealTree:prePrune | `-- async@1.5.2
93 silly idealTree:prePrune +-- formidable@1.0.9
93 silly idealTree:prePrune +-- forwarded@0.1.0
93 silly idealTree:prePrune +-- fresh@0.3.0
93 silly idealTree:prePrune +-- generate-function@2.0.0
93 silly idealTree:prePrune +-- generate-object-property@1.2.0
93 silly idealTree:prePrune +-- get-stdin@4.0.1
93 silly idealTree:prePrune +-- getpass@0.1.6
93 silly idealTree:prePrune | `-- assert-plus@1.0.0
93 silly idealTree:prePrune +-- graceful-fs@4.1.5
93 silly idealTree:prePrune +-- graceful-readlink@1.0.1
93 silly idealTree:prePrune +-- har-validator@2.0.6
93 silly idealTree:prePrune | `-- commander@2.9.0
93 silly idealTree:prePrune +-- has-ansi@2.0.0
93 silly idealTree:prePrune +-- hawk@3.1.3
93 silly idealTree:prePrune +-- hoek@2.16.3
93 silly idealTree:prePrune +-- hosted-git-info@2.1.5
93 silly idealTree:prePrune +-- http-errors@1.5.0
93 silly idealTree:prePrune +-- http-signature@1.1.1
93 silly idealTree:prePrune +-- iconv-lite@0.4.13
93 silly idealTree:prePrune +-- indent-string@2.1.0
93 silly idealTree:prePrune +-- inherits@2.0.1
93 silly idealTree:prePrune +-- ipaddr.js@1.0.5
93 silly idealTree:prePrune +-- is-arrayish@0.2.1
93 silly idealTree:prePrune +-- is-buffer@1.1.3
93 silly idealTree:prePrune +-- is-builtin-module@1.0.0
93 silly idealTree:prePrune +-- is-finite@1.0.1
93 silly idealTree:prePrune +-- is-my-json-valid@2.13.1
93 silly idealTree:prePrune +-- is-promise@2.1.0
93 silly idealTree:prePrune +-- is-property@1.0.2
93 silly idealTree:prePrune +-- is-typedarray@1.0.0
93 silly idealTree:prePrune +-- is-utf8@0.2.1
93 silly idealTree:prePrune +-- isarray@1.0.0
93 silly idealTree:prePrune +-- isstream@0.1.2
93 silly idealTree:prePrune +-- jade@1.11.0
93 silly idealTree:prePrune +-- jodid25519@1.0.2
93 silly idealTree:prePrune +-- jsbn@0.1.0
93 silly idealTree:prePrune +-- json-schema@0.2.2
93 silly idealTree:prePrune +-- json-stringify-safe@5.0.1
93 silly idealTree:prePrune +-- jsonpointer@2.0.0
93 silly idealTree:prePrune +-- jsprim@1.3.0
93 silly idealTree:prePrune +-- jstransformer@0.0.2
93 silly idealTree:prePrune +-- kind-of@3.0.3
93 silly idealTree:prePrune +-- lazy-cache@1.0.4
93 silly idealTree:prePrune +-- load-json-file@1.1.0
93 silly idealTree:prePrune | `-- strip-bom@2.0.0
93 silly idealTree:prePrune +-- lodash@2.4.2
93 silly idealTree:prePrune +-- longest@1.0.1
93 silly idealTree:prePrune +-- loud-rejection@1.6.0
93 silly idealTree:prePrune +-- map-obj@1.0.1
93 silly idealTree:prePrune +-- media-typer@0.3.0
93 silly idealTree:prePrune +-- meow@3.7.0
93 silly idealTree:prePrune | `-- minimist@1.2.0
93 silly idealTree:prePrune +-- merge-descriptors@1.0.1
93 silly idealTree:prePrune +-- methods@1.1.2
93 silly idealTree:prePrune +-- mime-db@1.23.0
93 silly idealTree:prePrune +-- mime-types@2.1.11
93 silly idealTree:prePrune +-- mime@1.3.4
93 silly idealTree:prePrune +-- minimist@0.0.8
93 silly idealTree:prePrune +-- mkdirp@0.5.1
93 silly idealTree:prePrune +-- morgan@1.7.0
93 silly idealTree:prePrune +-- ms@0.7.1
93 silly idealTree:prePrune +-- nan@2.2.0
93 silly idealTree:prePrune +-- negotiator@0.5.3
93 silly idealTree:prePrune +-- node-uuid@1.4.7
93 silly idealTree:prePrune +-- normalize-package-data@2.3.5
93 silly idealTree:prePrune +-- number-is-nan@1.0.0
93 silly idealTree:prePrune +-- oauth-sign@0.8.2
93 silly idealTree:prePrune +-- object-assign@4.1.0
93 silly idealTree:prePrune +-- on-finished@2.3.0
93 silly idealTree:prePrune +-- on-headers@1.0.1
93 silly idealTree:prePrune +-- optimist@0.3.7
93 silly idealTree:prePrune +-- parse-json@2.2.0
93 silly idealTree:prePrune +-- parseurl@1.3.1
93 silly idealTree:prePrune +-- path-exists@2.1.0
93 silly idealTree:prePrune +-- path-to-regexp@0.1.7
93 silly idealTree:prePrune +-- path-type@1.1.0
93 silly idealTree:prePrune +-- pify@2.3.0
93 silly idealTree:prePrune +-- pinkie-promise@2.0.1
93 silly idealTree:prePrune +-- pinkie@2.0.4
93 silly idealTree:prePrune +-- pkginfo@0.3.1
93 silly idealTree:prePrune +-- process-nextick-args@1.0.7
93 silly idealTree:prePrune +-- promise@6.1.0
93 silly idealTree:prePrune +-- proxy-addr@1.0.10
93 silly idealTree:prePrune +-- q@1.4.1
93 silly idealTree:prePrune +-- qs@6.2.0
93 silly idealTree:prePrune +-- range-parser@1.0.3
93 silly idealTree:prePrune +-- raw-body@2.1.7
93 silly idealTree:prePrune +-- read-pkg-up@1.0.1
93 silly idealTree:prePrune +-- read-pkg@1.1.0
93 silly idealTree:prePrune +-- readable-stream@2.0.6
93 silly idealTree:prePrune +-- redent@1.0.0
93 silly idealTree:prePrune +-- repeat-string@1.5.4
93 silly idealTree:prePrune +-- repeating@2.0.1
93 silly idealTree:prePrune +-- request@2.74.0
93 silly idealTree:prePrune +-- right-align@0.1.3
93 silly idealTree:prePrune +-- sax@1.2.1
93 silly idealTree:prePrune +-- selectn@0.9.6
93 silly idealTree:prePrune +-- semver@5.3.0
93 silly idealTree:prePrune +-- send@0.13.1
93 silly idealTree:prePrune | +-- http-errors@1.3.1
93 silly idealTree:prePrune | `-- statuses@1.2.1
93 silly idealTree:prePrune +-- serve-favicon@2.3.0
93 silly idealTree:prePrune +-- serve-static@1.10.3
93 silly idealTree:prePrune | +-- http-errors@1.3.1
93 silly idealTree:prePrune | +-- send@0.13.2
93 silly idealTree:prePrune | `-- statuses@1.2.1
93 silly idealTree:prePrune +-- setprototypeof@1.0.1
93 silly idealTree:prePrune +-- signal-exit@3.0.0
93 silly idealTree:prePrune +-- sntp@1.0.9
93 silly idealTree:prePrune +-- soap-x509-http@0.1.3
93 silly idealTree:prePrune | `-- ws.js@0.0.20
93 silly idealTree:prePrune +-- soap@0.9.3
93 silly idealTree:prePrune | `-- debug@0.7.4
93 silly idealTree:prePrune +-- source-map@0.4.4
93 silly idealTree:prePrune +-- spdx-correct@1.0.2
93 silly idealTree:prePrune +-- spdx-exceptions@1.0.5
93 silly idealTree:prePrune +-- spdx-expression-parse@1.0.2
93 silly idealTree:prePrune +-- spdx-license-ids@1.2.2
93 silly idealTree:prePrune +-- sshpk@1.9.2
93 silly idealTree:prePrune | `-- assert-plus@1.0.0
93 silly idealTree:prePrune +-- stack-trace@0.0.9
93 silly idealTree:prePrune +-- statuses@1.3.0
93 silly idealTree:prePrune +-- string_decoder@0.10.31
93 silly idealTree:prePrune +-- stringstream@0.0.5
93 silly idealTree:prePrune +-- strip-ansi@3.0.1
93 silly idealTree:prePrune +-- strip-bom@0.3.1
93 silly idealTree:prePrune +-- strip-indent@1.0.1
93 silly idealTree:prePrune +-- supports-color@2.0.0
93 silly idealTree:prePrune +-- tough-cookie@2.3.1
93 silly idealTree:prePrune +-- transformers@2.1.0
93 silly idealTree:prePrune | +-- is-promise@1.0.1
93 silly idealTree:prePrune | +-- promise@2.0.0
93 silly idealTree:prePrune | +-- source-map@0.1.43
93 silly idealTree:prePrune | `-- uglify-js@2.2.5
93 silly idealTree:prePrune +-- trim-newlines@1.0.0
93 silly idealTree:prePrune +-- tunnel-agent@0.4.3
93 silly idealTree:prePrune +-- tweetnacl@0.13.3
93 silly idealTree:prePrune +-- type-is@1.6.13
93 silly idealTree:prePrune +-- uglify-js@2.6.4
93 silly idealTree:prePrune | `-- source-map@0.5.6
93 silly idealTree:prePrune +-- uglify-to-browserify@1.0.2
93 silly idealTree:prePrune +-- unpipe@1.0.0
93 silly idealTree:prePrune +-- util-deprecate@1.0.2
93 silly idealTree:prePrune +-- utils-merge@1.0.0
93 silly idealTree:prePrune +-- validate-npm-package-license@3.0.1
93 silly idealTree:prePrune +-- vary@1.0.1
93 silly idealTree:prePrune +-- verror@1.3.6
93 silly idealTree:prePrune +-- void-elements@2.0.1
93 silly idealTree:prePrune +-- window-size@0.1.0
93 silly idealTree:prePrune +-- winston@2.2.0
93 silly idealTree:prePrune | `-- async@1.0.0
93 silly idealTree:prePrune +-- with@4.0.3
93 silly idealTree:prePrune | `-- acorn@1.2.2
93 silly idealTree:prePrune +-- wordwrap@0.0.3
93 silly idealTree:prePrune +-- ws.js@2.0.22
93 silly idealTree:prePrune +-- x509@0.2.6
93 silly idealTree:prePrune +-- xml-crypto@0.8.4
93 silly idealTree:prePrune | `-- xmldom@0.1.19
93 silly idealTree:prePrune +-- xmldom-fork-fixed@0.0.1
93 silly idealTree:prePrune +-- xmldom@0.1.7
93 silly idealTree:prePrune +-- xpath.js@1.0.6
93 silly idealTree:prePrune +-- xtend@4.0.1
93 silly idealTree:prePrune `-- yargs@3.10.0
94 silly loadIdealTree Finishing
95 silly currentTree node-soap-test@0.0.0
95 silly currentTree +-- accepts@1.2.13
95 silly currentTree +-- acorn-globals@1.0.9
95 silly currentTree +-- acorn@2.7.0
95 silly currentTree +-- align-text@0.1.4
95 silly currentTree +-- amdefine@1.0.0
95 silly currentTree +-- ansi-regex@2.0.0
95 silly currentTree +-- ansi-styles@2.2.1
95 silly currentTree +-- array-find-index@1.0.1
95 silly currentTree +-- array-flatten@1.1.1
95 silly currentTree +-- asap@1.0.0
95 silly currentTree +-- asn1@0.2.3
95 silly currentTree +-- assert-plus@0.2.0
95 silly currentTree +-- async@0.2.10
95 silly currentTree +-- aws-sign2@0.6.0
95 silly currentTree +-- aws4@1.4.1
95 silly currentTree +-- basic-auth@1.0.4
95 silly currentTree +-- bl@1.1.2
95 silly currentTree +-- body-parser@1.15.2
95 silly currentTree +-- boom@2.10.1
95 silly currentTree +-- bufferjs@3.0.1
95 silly currentTree +-- builtin-modules@1.1.1
95 silly currentTree +-- bytes@2.4.0
95 silly currentTree +-- camelcase-keys@2.1.0
95 silly currentTree | `-- camelcase@2.1.1
95 silly currentTree +-- camelcase@1.2.1
95 silly currentTree +-- caseless@0.11.0
95 silly currentTree +-- center-align@0.1.3
95 silly currentTree +-- chalk@1.1.3
95 silly currentTree +-- character-parser@1.2.1
95 silly currentTree +-- clean-css@3.4.18
95 silly currentTree | `-- commander@2.8.1
95 silly currentTree +-- cliui@2.1.0
95 silly currentTree | `-- wordwrap@0.0.2
95 silly currentTree +-- colors@1.0.3
95 silly currentTree +-- combined-stream@1.0.5
95 silly currentTree +-- commander@2.6.0
95 silly currentTree +-- constantinople@3.0.2
95 silly currentTree +-- content-disposition@0.5.1
95 silly currentTree +-- content-type@1.0.2
95 silly currentTree +-- cookie-parser@1.4.3
95 silly currentTree +-- cookie-signature@1.0.6
95 silly currentTree +-- cookie@0.3.1
95 silly currentTree +-- core-util-is@1.0.2
95 silly currentTree +-- cryptiles@2.0.5
95 silly currentTree +-- css-parse@1.0.4
95 silly currentTree +-- css-stringify@1.0.5
95 silly currentTree +-- css@1.0.8
95 silly currentTree +-- currently-unhandled@0.4.1
95 silly currentTree +-- cycle@1.0.3
95 silly currentTree +-- dashdash@1.14.0
95 silly currentTree | `-- assert-plus@1.0.0
95 silly currentTree +-- dateformat@1.0.12
95 silly currentTree +-- debug@2.2.0
95 silly currentTree +-- decamelize@1.2.0
95 silly currentTree +-- delayed-stream@1.0.0
95 silly currentTree +-- depd@1.1.0
95 silly currentTree +-- destroy@1.0.4
95 silly currentTree +-- ecc-jsbn@0.1.1
95 silly currentTree +-- ee-first@1.1.1
95 silly currentTree +-- error-ex@1.3.0
95 silly currentTree +-- escape-html@1.0.3
95 silly currentTree +-- escape-string-regexp@1.0.5
95 silly currentTree +-- etag@1.7.0
95 silly currentTree +-- express@4.13.4
95 silly currentTree | +-- cookie@0.1.5
95 silly currentTree | `-- qs@4.0.0
95 silly currentTree +-- extend@3.0.0
95 silly currentTree +-- extsprintf@1.0.2
95 silly currentTree +-- eyes@0.1.8
95 silly currentTree +-- finalhandler@0.4.1
95 silly currentTree +-- find-up@1.1.2
95 silly currentTree +-- first-chunk-stream@0.1.0
95 silly currentTree +-- forever-agent@0.6.1
95 silly currentTree +-- form-data@1.0.0-rc4
95 silly currentTree | `-- async@1.5.2
95 silly currentTree +-- formidable@1.0.9
95 silly currentTree +-- forwarded@0.1.0
95 silly currentTree +-- fresh@0.3.0
95 silly currentTree +-- generate-function@2.0.0
95 silly currentTree +-- generate-object-property@1.2.0
95 silly currentTree +-- get-stdin@4.0.1
95 silly currentTree +-- getpass@0.1.6
95 silly currentTree | `-- assert-plus@1.0.0
95 silly currentTree +-- graceful-fs@4.1.5
95 silly currentTree +-- graceful-readlink@1.0.1
95 silly currentTree +-- har-validator@2.0.6
95 silly currentTree | `-- commander@2.9.0
95 silly currentTree +-- has-ansi@2.0.0
95 silly currentTree +-- hawk@3.1.3
95 silly currentTree +-- hoek@2.16.3
95 silly currentTree +-- hosted-git-info@2.1.5
95 silly currentTree +-- http-errors@1.5.0
95 silly currentTree +-- http-signature@1.1.1
95 silly currentTree +-- iconv-lite@0.4.13
95 silly currentTree +-- indent-string@2.1.0
95 silly currentTree +-- inherits@2.0.1
95 silly currentTree +-- ipaddr.js@1.0.5
95 silly currentTree +-- is-arrayish@0.2.1
95 silly currentTree +-- is-buffer@1.1.3
95 silly currentTree +-- is-builtin-module@1.0.0
95 silly currentTree +-- is-finite@1.0.1
95 silly currentTree +-- is-my-json-valid@2.13.1
95 silly currentTree +-- is-promise@2.1.0
95 silly currentTree +-- is-property@1.0.2
95 silly currentTree +-- is-typedarray@1.0.0
95 silly currentTree +-- is-utf8@0.2.1
95 silly currentTree +-- isarray@1.0.0
95 silly currentTree +-- isstream@0.1.2
95 silly currentTree +-- jade@1.11.0
95 silly currentTree +-- jodid25519@1.0.2
95 silly currentTree +-- jsbn@0.1.0
95 silly currentTree +-- json-schema@0.2.2
95 silly currentTree +-- json-stringify-safe@5.0.1
95 silly currentTree +-- jsonpointer@2.0.0
95 silly currentTree +-- jsprim@1.3.0
95 silly currentTree +-- jstransformer@0.0.2
95 silly currentTree +-- kind-of@3.0.3
95 silly currentTree +-- lazy-cache@1.0.4
95 silly currentTree +-- load-json-file@1.1.0
95 silly currentTree | `-- strip-bom@2.0.0
95 silly currentTree +-- lodash@2.4.2
95 silly currentTree +-- longest@1.0.1
95 silly currentTree +-- loud-rejection@1.6.0
95 silly currentTree +-- map-obj@1.0.1
95 silly currentTree +-- media-typer@0.3.0
95 silly currentTree +-- meow@3.7.0
95 silly currentTree | `-- minimist@1.2.0
95 silly currentTree +-- merge-descriptors@1.0.1
95 silly currentTree +-- methods@1.1.2
95 silly currentTree +-- mime-db@1.23.0
95 silly currentTree +-- mime-types@2.1.11
95 silly currentTree +-- mime@1.3.4
95 silly currentTree +-- minimist@0.0.8
95 silly currentTree +-- mkdirp@0.5.1
95 silly currentTree +-- morgan@1.7.0
95 silly currentTree +-- ms@0.7.1
95 silly currentTree +-- negotiator@0.5.3
95 silly currentTree +-- node-uuid@1.4.7
95 silly currentTree +-- normalize-package-data@2.3.5
95 silly currentTree +-- number-is-nan@1.0.0
95 silly currentTree +-- oauth-sign@0.8.2
95 silly currentTree +-- object-assign@4.1.0
95 silly currentTree +-- on-finished@2.3.0
95 silly currentTree +-- on-headers@1.0.1
95 silly currentTree +-- optimist@0.3.7
95 silly currentTree +-- parse-json@2.2.0
95 silly currentTree +-- parseurl@1.3.1
95 silly currentTree +-- path-exists@2.1.0
95 silly currentTree +-- path-to-regexp@0.1.7
95 silly currentTree +-- path-type@1.1.0
95 silly currentTree +-- pify@2.3.0
95 silly currentTree +-- pinkie-promise@2.0.1
95 silly currentTree +-- pinkie@2.0.4
95 silly currentTree +-- pkginfo@0.3.1
95 silly currentTree +-- process-nextick-args@1.0.7
95 silly currentTree +-- promise@6.1.0
95 silly currentTree +-- proxy-addr@1.0.10
95 silly currentTree +-- q@1.4.1
95 silly currentTree +-- qs@6.2.0
95 silly currentTree +-- range-parser@1.0.3
95 silly currentTree +-- raw-body@2.1.7
95 silly currentTree +-- read-pkg-up@1.0.1
95 silly currentTree +-- read-pkg@1.1.0
95 silly currentTree +-- readable-stream@2.0.6
95 silly currentTree +-- redent@1.0.0
95 silly currentTree +-- repeat-string@1.5.4
95 silly currentTree +-- repeating@2.0.1
95 silly currentTree +-- request@2.74.0
95 silly currentTree +-- right-align@0.1.3
95 silly currentTree +-- sax@1.2.1
95 silly currentTree +-- selectn@0.9.6
95 silly currentTree +-- semver@5.3.0
95 silly currentTree +-- send@0.13.1
95 silly currentTree | +-- http-errors@1.3.1
95 silly currentTree | `-- statuses@1.2.1
95 silly currentTree +-- serve-favicon@2.3.0
95 silly currentTree +-- serve-static@1.10.3
95 silly currentTree | +-- http-errors@1.3.1
95 silly currentTree | +-- send@0.13.2
95 silly currentTree | `-- statuses@1.2.1
95 silly currentTree +-- setprototypeof@1.0.1
95 silly currentTree +-- signal-exit@3.0.0
95 silly currentTree +-- sntp@1.0.9
95 silly currentTree +-- soap-x509-http@0.1.3
95 silly currentTree | `-- ws.js@0.0.20
95 silly currentTree +-- soap@0.9.3
95 silly currentTree | `-- debug@0.7.4
95 silly currentTree +-- source-map@0.4.4
95 silly currentTree +-- spdx-correct@1.0.2
95 silly currentTree +-- spdx-exceptions@1.0.5
95 silly currentTree +-- spdx-expression-parse@1.0.2
95 silly currentTree +-- spdx-license-ids@1.2.2
95 silly currentTree +-- sshpk@1.9.2
95 silly currentTree | `-- assert-plus@1.0.0
95 silly currentTree +-- stack-trace@0.0.9
95 silly currentTree +-- statuses@1.3.0
95 silly currentTree +-- string_decoder@0.10.31
95 silly currentTree +-- stringstream@0.0.5
95 silly currentTree +-- strip-ansi@3.0.1
95 silly currentTree +-- strip-bom@0.3.1
95 silly currentTree +-- strip-indent@1.0.1
95 silly currentTree +-- supports-color@2.0.0
95 silly currentTree +-- tough-cookie@2.3.1
95 silly currentTree +-- transformers@2.1.0
95 silly currentTree | +-- is-promise@1.0.1
95 silly currentTree | +-- promise@2.0.0
95 silly currentTree | +-- source-map@0.1.43
95 silly currentTree | `-- uglify-js@2.2.5
95 silly currentTree +-- trim-newlines@1.0.0
95 silly currentTree +-- tunnel-agent@0.4.3
95 silly currentTree +-- tweetnacl@0.13.3
95 silly currentTree +-- type-is@1.6.13
95 silly currentTree +-- uglify-js@2.6.4
95 silly currentTree | `-- source-map@0.5.6
95 silly currentTree +-- uglify-to-browserify@1.0.2
95 silly currentTree +-- unpipe@1.0.0
95 silly currentTree +-- util-deprecate@1.0.2
95 silly currentTree +-- utils-merge@1.0.0
95 silly currentTree +-- validate-npm-package-license@3.0.1
95 silly currentTree +-- vary@1.0.1
95 silly currentTree +-- verror@1.3.6
95 silly currentTree +-- void-elements@2.0.1
95 silly currentTree +-- window-size@0.1.0
95 silly currentTree +-- winston@2.2.0
95 silly currentTree | `-- async@1.0.0
95 silly currentTree +-- with@4.0.3
95 silly currentTree | `-- acorn@1.2.2
95 silly currentTree +-- wordwrap@0.0.3
95 silly currentTree +-- ws.js@2.0.22
95 silly currentTree +-- xml-crypto@0.8.4
95 silly currentTree | `-- xmldom@0.1.19
95 silly currentTree +-- xmldom-fork-fixed@0.0.1
95 silly currentTree +-- xmldom@0.1.7
95 silly currentTree +-- xpath.js@1.0.6
95 silly currentTree +-- xtend@4.0.1
95 silly currentTree `-- yargs@3.10.0
96 silly idealTree node-soap-test@0.0.0
96 silly idealTree +-- accepts@1.2.13
96 silly idealTree +-- acorn-globals@1.0.9
96 silly idealTree +-- acorn@2.7.0
96 silly idealTree +-- align-text@0.1.4
96 silly idealTree +-- amdefine@1.0.0
96 silly idealTree +-- ansi-regex@2.0.0
96 silly idealTree +-- ansi-styles@2.2.1
96 silly idealTree +-- array-find-index@1.0.1
96 silly idealTree +-- array-flatten@1.1.1
96 silly idealTree +-- asap@1.0.0
96 silly idealTree +-- asn1@0.2.3
96 silly idealTree +-- assert-plus@0.2.0
96 silly idealTree +-- async@0.2.10
96 silly idealTree +-- aws-sign2@0.6.0
96 silly idealTree +-- aws4@1.4.1
96 silly idealTree +-- basic-auth@1.0.4
96 silly idealTree +-- bl@1.1.2
96 silly idealTree +-- body-parser@1.15.2
96 silly idealTree +-- boom@2.10.1
96 silly idealTree +-- bufferjs@3.0.1
96 silly idealTree +-- builtin-modules@1.1.1
96 silly idealTree +-- bytes@2.4.0
96 silly idealTree +-- camelcase-keys@2.1.0
96 silly idealTree | `-- camelcase@2.1.1
96 silly idealTree +-- camelcase@1.2.1
96 silly idealTree +-- caseless@0.11.0
96 silly idealTree +-- center-align@0.1.3
96 silly idealTree +-- chalk@1.1.3
96 silly idealTree +-- character-parser@1.2.1
96 silly idealTree +-- clean-css@3.4.18
96 silly idealTree | `-- commander@2.8.1
96 silly idealTree +-- cliui@2.1.0
96 silly idealTree | `-- wordwrap@0.0.2
96 silly idealTree +-- colors@1.0.3
96 silly idealTree +-- combined-stream@1.0.5
96 silly idealTree +-- commander@2.6.0
96 silly idealTree +-- constantinople@3.0.2
96 silly idealTree +-- content-disposition@0.5.1
96 silly idealTree +-- content-type@1.0.2
96 silly idealTree +-- cookie-parser@1.4.3
96 silly idealTree +-- cookie-signature@1.0.6
96 silly idealTree +-- cookie@0.3.1
96 silly idealTree +-- core-util-is@1.0.2
96 silly idealTree +-- cryptiles@2.0.5
96 silly idealTree +-- css-parse@1.0.4
96 silly idealTree +-- css-stringify@1.0.5
96 silly idealTree +-- css@1.0.8
96 silly idealTree +-- currently-unhandled@0.4.1
96 silly idealTree +-- cycle@1.0.3
96 silly idealTree +-- dashdash@1.14.0
96 silly idealTree | `-- assert-plus@1.0.0
96 silly idealTree +-- dateformat@1.0.12
96 silly idealTree +-- debug@2.2.0
96 silly idealTree +-- decamelize@1.2.0
96 silly idealTree +-- delayed-stream@1.0.0
96 silly idealTree +-- depd@1.1.0
96 silly idealTree +-- destroy@1.0.4
96 silly idealTree +-- ecc-jsbn@0.1.1
96 silly idealTree +-- ee-first@1.1.1
96 silly idealTree +-- error-ex@1.3.0
96 silly idealTree +-- escape-html@1.0.3
96 silly idealTree +-- escape-string-regexp@1.0.5
96 silly idealTree +-- etag@1.7.0
96 silly idealTree +-- express@4.13.4
96 silly idealTree | +-- cookie@0.1.5
96 silly idealTree | `-- qs@4.0.0
96 silly idealTree +-- extend@3.0.0
96 silly idealTree +-- extsprintf@1.0.2
96 silly idealTree +-- eyes@0.1.8
96 silly idealTree +-- finalhandler@0.4.1
96 silly idealTree +-- find-up@1.1.2
96 silly idealTree +-- first-chunk-stream@0.1.0
96 silly idealTree +-- forever-agent@0.6.1
96 silly idealTree +-- form-data@1.0.0-rc4
96 silly idealTree | `-- async@1.5.2
96 silly idealTree +-- formidable@1.0.9
96 silly idealTree +-- forwarded@0.1.0
96 silly idealTree +-- fresh@0.3.0
96 silly idealTree +-- generate-function@2.0.0
96 silly idealTree +-- generate-object-property@1.2.0
96 silly idealTree +-- get-stdin@4.0.1
96 silly idealTree +-- getpass@0.1.6
96 silly idealTree | `-- assert-plus@1.0.0
96 silly idealTree +-- graceful-fs@4.1.5
96 silly idealTree +-- graceful-readlink@1.0.1
96 silly idealTree +-- har-validator@2.0.6
96 silly idealTree | `-- commander@2.9.0
96 silly idealTree +-- has-ansi@2.0.0
96 silly idealTree +-- hawk@3.1.3
96 silly idealTree +-- hoek@2.16.3
96 silly idealTree +-- hosted-git-info@2.1.5
96 silly idealTree +-- http-errors@1.5.0
96 silly idealTree +-- http-signature@1.1.1
96 silly idealTree +-- iconv-lite@0.4.13
96 silly idealTree +-- indent-string@2.1.0
96 silly idealTree +-- inherits@2.0.1
96 silly idealTree +-- ipaddr.js@1.0.5
96 silly idealTree +-- is-arrayish@0.2.1
96 silly idealTree +-- is-buffer@1.1.3
96 silly idealTree +-- is-builtin-module@1.0.0
96 silly idealTree +-- is-finite@1.0.1
96 silly idealTree +-- is-my-json-valid@2.13.1
96 silly idealTree +-- is-promise@2.1.0
96 silly idealTree +-- is-property@1.0.2
96 silly idealTree +-- is-typedarray@1.0.0
96 silly idealTree +-- is-utf8@0.2.1
96 silly idealTree +-- isarray@1.0.0
96 silly idealTree +-- isstream@0.1.2
96 silly idealTree +-- jade@1.11.0
96 silly idealTree +-- jodid25519@1.0.2
96 silly idealTree +-- jsbn@0.1.0
96 silly idealTree +-- json-schema@0.2.2
96 silly idealTree +-- json-stringify-safe@5.0.1
96 silly idealTree +-- jsonpointer@2.0.0
96 silly idealTree +-- jsprim@1.3.0
96 silly idealTree +-- jstransformer@0.0.2
96 silly idealTree +-- kind-of@3.0.3
96 silly idealTree +-- lazy-cache@1.0.4
96 silly idealTree +-- load-json-file@1.1.0
96 silly idealTree | `-- strip-bom@2.0.0
96 silly idealTree +-- lodash@2.4.2
96 silly idealTree +-- longest@1.0.1
96 silly idealTree +-- loud-rejection@1.6.0
96 silly idealTree +-- map-obj@1.0.1
96 silly idealTree +-- media-typer@0.3.0
96 silly idealTree +-- meow@3.7.0
96 silly idealTree | `-- minimist@1.2.0
96 silly idealTree +-- merge-descriptors@1.0.1
96 silly idealTree +-- methods@1.1.2
96 silly idealTree +-- mime-db@1.23.0
96 silly idealTree +-- mime-types@2.1.11
96 silly idealTree +-- mime@1.3.4
96 silly idealTree +-- minimist@0.0.8
96 silly idealTree +-- mkdirp@0.5.1
96 silly idealTree +-- morgan@1.7.0
96 silly idealTree +-- ms@0.7.1
96 silly idealTree +-- nan@2.2.0
96 silly idealTree +-- negotiator@0.5.3
96 silly idealTree +-- node-uuid@1.4.7
96 silly idealTree +-- normalize-package-data@2.3.5
96 silly idealTree +-- number-is-nan@1.0.0
96 silly idealTree +-- oauth-sign@0.8.2
96 silly idealTree +-- object-assign@4.1.0
96 silly idealTree +-- on-finished@2.3.0
96 silly idealTree +-- on-headers@1.0.1
96 silly idealTree +-- optimist@0.3.7
96 silly idealTree +-- parse-json@2.2.0
96 silly idealTree +-- parseurl@1.3.1
96 silly idealTree +-- path-exists@2.1.0
96 silly idealTree +-- path-to-regexp@0.1.7
96 silly idealTree +-- path-type@1.1.0
96 silly idealTree +-- pify@2.3.0
96 silly idealTree +-- pinkie-promise@2.0.1
96 silly idealTree +-- pinkie@2.0.4
96 silly idealTree +-- pkginfo@0.3.1
96 silly idealTree +-- process-nextick-args@1.0.7
96 silly idealTree +-- promise@6.1.0
96 silly idealTree +-- proxy-addr@1.0.10
96 silly idealTree +-- q@1.4.1
96 silly idealTree +-- qs@6.2.0
96 silly idealTree +-- range-parser@1.0.3
96 silly idealTree +-- raw-body@2.1.7
96 silly idealTree +-- read-pkg-up@1.0.1
96 silly idealTree +-- read-pkg@1.1.0
96 silly idealTree +-- readable-stream@2.0.6
96 silly idealTree +-- redent@1.0.0
96 silly idealTree +-- repeat-string@1.5.4
96 silly idealTree +-- repeating@2.0.1
96 silly idealTree +-- request@2.74.0
96 silly idealTree +-- right-align@0.1.3
96 silly idealTree +-- sax@1.2.1
96 silly idealTree +-- selectn@0.9.6
96 silly idealTree +-- semver@5.3.0
96 silly idealTree +-- send@0.13.1
96 silly idealTree | +-- http-errors@1.3.1
96 silly idealTree | `-- statuses@1.2.1
96 silly idealTree +-- serve-favicon@2.3.0
96 silly idealTree +-- serve-static@1.10.3
96 silly idealTree | +-- http-errors@1.3.1
96 silly idealTree | +-- send@0.13.2
96 silly idealTree | `-- statuses@1.2.1
96 silly idealTree +-- setprototypeof@1.0.1
96 silly idealTree +-- signal-exit@3.0.0
96 silly idealTree +-- sntp@1.0.9
96 silly idealTree +-- soap-x509-http@0.1.3
96 silly idealTree | `-- ws.js@0.0.20
96 silly idealTree +-- soap@0.9.3
96 silly idealTree | `-- debug@0.7.4
96 silly idealTree +-- source-map@0.4.4
96 silly idealTree +-- spdx-correct@1.0.2
96 silly idealTree +-- spdx-exceptions@1.0.5
96 silly idealTree +-- spdx-expression-parse@1.0.2
96 silly idealTree +-- spdx-license-ids@1.2.2
96 silly idealTree +-- sshpk@1.9.2
96 silly idealTree | `-- assert-plus@1.0.0
96 silly idealTree +-- stack-trace@0.0.9
96 silly idealTree +-- statuses@1.3.0
96 silly idealTree +-- string_decoder@0.10.31
96 silly idealTree +-- stringstream@0.0.5
96 silly idealTree +-- strip-ansi@3.0.1
96 silly idealTree +-- strip-bom@0.3.1
96 silly idealTree +-- strip-indent@1.0.1
96 silly idealTree +-- supports-color@2.0.0
96 silly idealTree +-- tough-cookie@2.3.1
96 silly idealTree +-- transformers@2.1.0
96 silly idealTree | +-- is-promise@1.0.1
96 silly idealTree | +-- promise@2.0.0
96 silly idealTree | +-- source-map@0.1.43
96 silly idealTree | `-- uglify-js@2.2.5
96 silly idealTree +-- trim-newlines@1.0.0
96 silly idealTree +-- tunnel-agent@0.4.3
96 silly idealTree +-- tweetnacl@0.13.3
96 silly idealTree +-- type-is@1.6.13
96 silly idealTree +-- uglify-js@2.6.4
96 silly idealTree | `-- source-map@0.5.6
96 silly idealTree +-- uglify-to-browserify@1.0.2
96 silly idealTree +-- unpipe@1.0.0
96 silly idealTree +-- util-deprecate@1.0.2
96 silly idealTree +-- utils-merge@1.0.0
96 silly idealTree +-- validate-npm-package-license@3.0.1
96 silly idealTree +-- vary@1.0.1
96 silly idealTree +-- verror@1.3.6
96 silly idealTree +-- void-elements@2.0.1
96 silly idealTree +-- window-size@0.1.0
96 silly idealTree +-- winston@2.2.0
96 silly idealTree | `-- async@1.0.0
96 silly idealTree +-- with@4.0.3
96 silly idealTree | `-- acorn@1.2.2
96 silly idealTree +-- wordwrap@0.0.3
96 silly idealTree +-- ws.js@2.0.22
96 silly idealTree +-- x509@0.2.6
96 silly idealTree +-- xml-crypto@0.8.4
96 silly idealTree | `-- xmldom@0.1.19
96 silly idealTree +-- xmldom-fork-fixed@0.0.1
96 silly idealTree +-- xmldom@0.1.7
96 silly idealTree +-- xpath.js@1.0.6
96 silly idealTree +-- xtend@4.0.1
96 silly idealTree `-- yargs@3.10.0
97 silly generateActionsToTake Starting
98 silly install generateActionsToTake
99 silly generateActionsToTake Finishing
100 silly diffTrees action count 2
101 silly diffTrees add nan@2.2.0
102 silly diffTrees add x509@0.2.6
103 silly decomposeActions action count 16
104 silly decomposeActions fetch nan@2.2.0
105 silly decomposeActions extract nan@2.2.0
106 silly decomposeActions test nan@2.2.0
107 silly decomposeActions preinstall nan@2.2.0
108 silly decomposeActions build nan@2.2.0
109 silly decomposeActions install nan@2.2.0
110 silly decomposeActions postinstall nan@2.2.0
111 silly decomposeActions finalize nan@2.2.0
112 silly decomposeActions fetch x509@0.2.6
113 silly decomposeActions extract x509@0.2.6
114 silly decomposeActions test x509@0.2.6
115 silly decomposeActions preinstall x509@0.2.6
116 silly decomposeActions build x509@0.2.6
117 silly decomposeActions install x509@0.2.6
118 silly decomposeActions postinstall x509@0.2.6
119 silly decomposeActions finalize x509@0.2.6
120 silly executeActions Starting
121 silly install executeActions
122 silly doSerial global-install 0
123 silly doParallel fetch 2
124 verbose correctMkdir C:\Users\david\AppData\Roaming\npm-cache\_locks correctMkdir not in flight; initializing
125 verbose lock using C:\Users\david\AppData\Roaming\npm-cache\_locks\staging-a1477118c9b39069.lock for C:\Users\david\WebstormProjects\node-soap-test\node_modules\.staging
126 silly doParallel extract 2
127 silly extract nan@2.2.0
128 silly extract x509@0.2.6
129 verbose unbuild node_modules\.staging\x509-9afae871
130 verbose unbuild node_modules\.staging\nan-aa3f4b97
131 silly gentlyRm C:\Users\david\WebstormProjects\node-soap-test\node_modules\.staging\x509-9afae871 is being purged from base C:\Users\david\WebstormProjects\node-soap-test
132 verbose gentlyRm don't care about contents; nuking C:\Users\david\WebstormProjects\node-soap-test\node_modules\.staging\x509-9afae871
133 silly gentlyRm C:\Users\david\WebstormProjects\node-soap-test\node_modules\.staging\nan-aa3f4b97 is being purged from base C:\Users\david\WebstormProjects\node-soap-test
134 verbose gentlyRm don't care about contents; nuking C:\Users\david\WebstormProjects\node-soap-test\node_modules\.staging\nan-aa3f4b97
135 verbose tar unpack C:\Users\david\AppData\Roaming\npm-cache\x509\0.2.6\package.tgz
136 verbose tar unpacking to C:\Users\david\WebstormProjects\node-soap-test\node_modules\.staging\x509-9afae871
137 silly gentlyRm C:\Users\david\WebstormProjects\node-soap-test\node_modules\.staging\x509-9afae871 is being purged
138 verbose gentlyRm don't care about contents; nuking C:\Users\david\WebstormProjects\node-soap-test\node_modules\.staging\x509-9afae871
139 verbose tar unpack C:\Users\david\AppData\Roaming\npm-cache\nan\2.2.0\package.tgz
140 verbose tar unpacking to C:\Users\david\WebstormProjects\node-soap-test\node_modules\.staging\nan-aa3f4b97
141 silly gentlyRm C:\Users\david\WebstormProjects\node-soap-test\node_modules\.staging\nan-aa3f4b97 is being purged
142 verbose gentlyRm don't care about contents; nuking C:\Users\david\WebstormProjects\node-soap-test\node_modules\.staging\nan-aa3f4b97
143 silly gunzTarPerm modes [ '777', '666' ]
144 silly gunzTarPerm modes [ '777', '666' ]
145 silly gunzTarPerm extractEntry package.json
146 silly gunzTarPerm modified mode [ 'package.json', 420, 438 ]
147 silly gunzTarPerm extractEntry package.json
148 silly gunzTarPerm modified mode [ 'package.json', 436, 438 ]
149 silly gunzTarPerm extractEntry .npmignore
150 silly gunzTarPerm modified mode [ '.npmignore', 420, 438 ]
151 silly gunzTarPerm extractEntry README.md
152 silly gunzTarPerm modified mode [ 'README.md', 420, 438 ]
153 silly gunzTarPerm extractEntry README.md
154 silly gunzTarPerm modified mode [ 'README.md', 436, 438 ]
155 silly gunzTarPerm extractEntry include_dirs.js
156 silly gunzTarPerm modified mode [ 'include_dirs.js', 436, 438 ]
157 silly gunzTarPerm extractEntry nan_converters.h
158 silly gunzTarPerm modified mode [ 'nan_converters.h', 436, 438 ]
159 silly gunzTarPerm extractEntry LICENSE.md
160 silly gunzTarPerm modified mode [ 'LICENSE.md', 436, 438 ]
161 silly gunzTarPerm extractEntry .dntrc
162 silly gunzTarPerm modified mode [ '.dntrc', 436, 438 ]
163 silly gunzTarPerm extractEntry index.js
164 silly gunzTarPerm modified mode [ 'index.js', 420, 438 ]
165 silly gunzTarPerm extractEntry .travis.yml
166 silly gunzTarPerm modified mode [ '.travis.yml', 420, 438 ]
167 silly gunzTarPerm extractEntry appveyor.yml
168 silly gunzTarPerm modified mode [ 'appveyor.yml', 436, 438 ]
169 silly gunzTarPerm extractEntry doc/new.md
170 silly gunzTarPerm modified mode [ 'doc/new.md', 436, 438 ]
171 silly gunzTarPerm extractEntry doc/.build.sh
172 silly gunzTarPerm modified mode [ 'doc/.build.sh', 509, 511 ]
173 silly gunzTarPerm extractEntry binding.gyp
174 silly gunzTarPerm modified mode [ 'binding.gyp', 420, 438 ]
175 silly gunzTarPerm extractEntry include/addon.h
176 silly gunzTarPerm modified mode [ 'include/addon.h', 420, 438 ]
177 silly gunzTarPerm extractEntry doc/buffers.md
178 silly gunzTarPerm modified mode [ 'doc/buffers.md', 436, 438 ]
179 silly gunzTarPerm extractEntry doc/callback.md
180 silly gunzTarPerm modified mode [ 'doc/callback.md', 436, 438 ]
181 silly gunzTarPerm extractEntry include/x509.h
182 silly gunzTarPerm modified mode [ 'include/x509.h', 420, 438 ]
183 silly gunzTarPerm extractEntry src/addon.cc
184 silly gunzTarPerm modified mode [ 'src/addon.cc', 420, 438 ]
185 silly gunzTarPerm extractEntry src/x509.cc
186 silly gunzTarPerm modified mode [ 'src/x509.cc', 420, 438 ]
187 silly gunzTarPerm extractEntry doc/converters.md
188 silly gunzTarPerm modified mode [ 'doc/converters.md', 436, 438 ]
189 silly gunzTarPerm extractEntry doc/errors.md
190 silly gunzTarPerm modified mode [ 'doc/errors.md', 436, 438 ]
191 silly gunzTarPerm extractEntry doc/maybe_types.md
192 silly gunzTarPerm modified mode [ 'doc/maybe_types.md', 436, 438 ]
193 silly gunzTarPerm extractEntry doc/methods.md
194 silly gunzTarPerm modified mode [ 'doc/methods.md', 436, 438 ]
195 silly gunzTarPerm extractEntry doc/asyncworker.md
196 silly gunzTarPerm modified mode [ 'doc/asyncworker.md', 436, 438 ]
197 silly gunzTarPerm extractEntry doc/node_misc.md
198 silly gunzTarPerm modified mode [ 'doc/node_misc.md', 436, 438 ]
199 silly gunzTarPerm extractEntry doc/object_wrappers.md
200 silly gunzTarPerm modified mode [ 'doc/object_wrappers.md', 436, 438 ]
201 silly gunzTarPerm extractEntry doc/persistent.md
202 silly gunzTarPerm modified mode [ 'doc/persistent.md', 436, 438 ]
203 silly gunzTarPerm extractEntry doc/scopes.md
204 silly gunzTarPerm modified mode [ 'doc/scopes.md', 436, 438 ]
205 silly gunzTarPerm extractEntry doc/script.md
206 silly gunzTarPerm modified mode [ 'doc/script.md', 436, 438 ]
207 silly gunzTarPerm extractEntry doc/string_bytes.md
208 silly gunzTarPerm modified mode [ 'doc/string_bytes.md', 436, 438 ]
209 silly gunzTarPerm extractEntry doc/v8_internals.md
210 silly gunzTarPerm modified mode [ 'doc/v8_internals.md', 436, 438 ]
211 silly gunzTarPerm extractEntry doc/v8_misc.md
212 silly gunzTarPerm modified mode [ 'doc/v8_misc.md', 436, 438 ]
213 silly gunzTarPerm extractEntry nan.h
214 silly gunzTarPerm modified mode [ 'nan.h', 436, 438 ]
215 silly gunzTarPerm extractEntry nan_callbacks.h
216 silly gunzTarPerm modified mode [ 'nan_callbacks.h', 436, 438 ]
217 silly gunzTarPerm extractEntry nan_callbacks_12_inl.h
218 silly gunzTarPerm modified mode [ 'nan_callbacks_12_inl.h', 436, 438 ]
219 silly gunzTarPerm extractEntry nan_callbacks_pre_12_inl.h
220 silly gunzTarPerm modified mode [ 'nan_callbacks_pre_12_inl.h', 436, 438 ]
221 silly gentlyRm C:\Users\david\WebstormProjects\node-soap-test\node_modules\.staging\x509-9afae871\node_modules is being purged
222 verbose gentlyRm don't care about contents; nuking C:\Users\david\WebstormProjects\node-soap-test\node_modules\.staging\x509-9afae871\node_modules
223 silly gunzTarPerm extractEntry nan_converters_43_inl.h
224 silly gunzTarPerm modified mode [ 'nan_converters_43_inl.h', 436, 438 ]
225 silly gunzTarPerm extractEntry nan_converters_pre_43_inl.h
226 silly gunzTarPerm modified mode [ 'nan_converters_pre_43_inl.h', 436, 438 ]
227 silly gunzTarPerm extractEntry nan_implementation_12_inl.h
228 silly gunzTarPerm modified mode [ 'nan_implementation_12_inl.h', 436, 438 ]
229 silly gunzTarPerm extractEntry nan_implementation_pre_12_inl.h
230 silly gunzTarPerm modified mode [ 'nan_implementation_pre_12_inl.h', 436, 438 ]
231 silly gunzTarPerm extractEntry nan_maybe_43_inl.h
232 silly gunzTarPerm modified mode [ 'nan_maybe_43_inl.h', 436, 438 ]
233 silly gunzTarPerm extractEntry nan_maybe_pre_43_inl.h
234 silly gunzTarPerm modified mode [ 'nan_maybe_pre_43_inl.h', 436, 438 ]
235 silly gunzTarPerm extractEntry nan_new.h
236 silly gunzTarPerm modified mode [ 'nan_new.h', 436, 438 ]
237 silly gunzTarPerm extractEntry nan_object_wrap.h
238 silly gunzTarPerm modified mode [ 'nan_object_wrap.h', 436, 438 ]
239 silly gunzTarPerm extractEntry nan_persistent_12_inl.h
240 silly gunzTarPerm modified mode [ 'nan_persistent_12_inl.h', 436, 438 ]
241 silly gunzTarPerm extractEntry nan_persistent_pre_12_inl.h
242 silly gunzTarPerm modified mode [ 'nan_persistent_pre_12_inl.h', 436, 438 ]
243 silly gunzTarPerm extractEntry nan_string_bytes.h
244 silly gunzTarPerm modified mode [ 'nan_string_bytes.h', 436, 438 ]
245 silly gunzTarPerm extractEntry nan_typedarray_contents.h
246 silly gunzTarPerm modified mode [ 'nan_typedarray_contents.h', 436, 438 ]
247 silly gunzTarPerm extractEntry nan_weak.h
248 silly gunzTarPerm modified mode [ 'nan_weak.h', 436, 438 ]
249 silly gunzTarPerm extractEntry CHANGELOG.md
250 silly gunzTarPerm modified mode [ 'CHANGELOG.md', 436, 438 ]
251 silly gunzTarPerm extractEntry tools/package.json
252 silly gunzTarPerm modified mode [ 'tools/package.json', 436, 438 ]
253 silly gunzTarPerm extractEntry tools/README.md
254 silly gunzTarPerm modified mode [ 'tools/README.md', 436, 438 ]
255 silly gunzTarPerm extractEntry tools/1to2.js
256 silly gunzTarPerm modified mode [ 'tools/1to2.js', 509, 511 ]
257 silly gentlyRm C:\Users\david\WebstormProjects\node-soap-test\node_modules\.staging\nan-aa3f4b97\node_modules is being purged
258 verbose gentlyRm don't care about contents; nuking C:\Users\david\WebstormProjects\node-soap-test\node_modules\.staging\nan-aa3f4b97\node_modules
259 silly doParallel preinstall 2
260 silly preinstall nan@2.2.0 C:\Users\david\WebstormProjects\node-soap-test\node_modules\.staging\nan-aa3f4b97
261 info lifecycle nan@2.2.0~preinstall: nan@2.2.0
262 silly preinstall x509@0.2.6 C:\Users\david\WebstormProjects\node-soap-test\node_modules\.staging\x509-9afae871
263 info lifecycle x509@0.2.6~preinstall: x509@0.2.6
264 silly lifecycle nan@2.2.0~preinstall: no script for preinstall, continuing
265 silly lifecycle x509@0.2.6~preinstall: no script for preinstall, continuing
266 silly doReverseSerial remove 0
267 silly doSerial move 0
268 silly doSerial finalize 2
269 silly finalize C:\Users\david\WebstormProjects\node-soap-test\node_modules\nan
270 silly finalize C:\Users\david\WebstormProjects\node-soap-test\node_modules\x509
271 silly doSerial build 2
272 silly build nan@2.2.0
273 info linkStuff nan@2.2.0
274 silly linkStuff nan@2.2.0 has C:\Users\david\WebstormProjects\node-soap-test\node_modules as its parent node_modules
275 verbose linkBins nan@2.2.0
276 verbose linkMans nan@2.2.0
277 silly build x509@0.2.6
278 info linkStuff x509@0.2.6
279 silly linkStuff x509@0.2.6 has C:\Users\david\WebstormProjects\node-soap-test\node_modules as its parent node_modules
280 verbose linkBins x509@0.2.6
281 verbose linkMans x509@0.2.6
282 silly doSerial global-link 0
283 silly doParallel update-linked 0
284 silly doSerial install 2
285 silly install nan@2.2.0 C:\Users\david\WebstormProjects\node-soap-test\node_modules\.staging\nan-aa3f4b97
286 info lifecycle nan@2.2.0~install: nan@2.2.0
287 silly lifecycle nan@2.2.0~install: no script for install, continuing
288 silly install x509@0.2.6 C:\Users\david\WebstormProjects\node-soap-test\node_modules\.staging\x509-9afae871
289 info lifecycle x509@0.2.6~install: x509@0.2.6
290 verbose lifecycle x509@0.2.6~install: unsafe-perm in lifecycle true
291 verbose lifecycle x509@0.2.6~install: PATH: C:\Program Files\nodejs\node_modules\npm\bin\node-gyp-bin;C:\Users\david\WebstormProjects\node-soap-test\node_modules\x509\node_modules\.bin;C:\Users\david\WebstormProjects\node-soap-test\node_modules\.bin;C:\Program Files\nodejs;C:\Program Files (x86)\Intel\iCLS Client\;C:\Program Files\Intel\iCLS Client\;C:\Windows\system32;C:\Windows;C:\Windows\System32\Wbem;C:\Windows\System32\WindowsPowerShell\v1.0\;C:\Program Files (x86)\NVIDIA Corporation\PhysX\Common;C:\Program Files (x86)\Intel\Intel(R) Management Engine Components\DAL;C:\Program Files\Intel\Intel(R) Management Engine Components\DAL;C:\Program Files (x86)\Intel\Intel(R) Management Engine Components\IPT;C:\Program Files\Intel\Intel(R) Management Engine Components\IPT;C:\Program Files\Intel\WiFi\bin\;C:\Program Files\Common Files\Intel\WirelessCommon\;C:\Program Files\nodejs\;C:\Program Files\Git\cmd;C:\WINDOWS\system32\config\systemprofile\.dnx\bin;C:\Program Files\Microsoft DNX\Dnvm\;C:\Program Files\Microsoft SQL Server\130\Tools\Binn\;C:\WINDOWS\system32;C:\WINDOWS;C:\WINDOWS\System32\Wbem;C:\WINDOWS\System32\WindowsPowerShell\v1.0\;C:\Users\david\AppData\Roaming\npm;C:\Program Files (x86)\Microsoft VS Code\bin;C:\Users\david\AppData\Local\.meteor\
292 verbose lifecycle x509@0.2.6~install: CWD: C:\Users\david\WebstormProjects\node-soap-test\node_modules\x509
293 silly lifecycle x509@0.2.6~install: Args: [ '/d /s /c', 'node-gyp rebuild' ]
294 silly lifecycle x509@0.2.6~install: Returned: code: 1  signal: null
295 info lifecycle x509@0.2.6~install: Failed to exec install script
296 verbose unlock done using C:\Users\david\AppData\Roaming\npm-cache\_locks\staging-a1477118c9b39069.lock for C:\Users\david\WebstormProjects\node-soap-test\node_modules\.staging
297 silly rollbackFailedOptional Starting
298 silly rollbackFailedOptional Finishing
299 silly runTopLevelLifecycles Starting
300 silly runTopLevelLifecycles Finishing
301 silly install printInstalled
302 verbose stack Error: x509@0.2.6 install: `node-gyp rebuild`
302 verbose stack Exit status 1
302 verbose stack     at EventEmitter.<anonymous> (C:\Program Files\nodejs\node_modules\npm\lib\utils\lifecycle.js:245:16)
302 verbose stack     at emitTwo (events.js:106:13)
302 verbose stack     at EventEmitter.emit (events.js:191:7)
302 verbose stack     at ChildProcess.<anonymous> (C:\Program Files\nodejs\node_modules\npm\lib\utils\spawn.js:24:14)
302 verbose stack     at emitTwo (events.js:106:13)
302 verbose stack     at ChildProcess.emit (events.js:191:7)
302 verbose stack     at maybeClose (internal/child_process.js:852:16)
302 verbose stack     at Process.ChildProcess._handle.onexit (internal/child_process.js:215:5)
303 verbose pkgid x509@0.2.6
304 verbose cwd C:\Users\david\WebstormProjects\node-soap-test
305 error Windows_NT 10.0.10586
306 error argv "C:\\Program Files\\nodejs\\node.exe" "C:\\Program Files\\nodejs\\node_modules\\npm\\bin\\npm-cli.js" "install" "x509" "--save"
307 error node v6.2.2
308 error npm  v3.9.5
309 error code ELIFECYCLE
310 error x509@0.2.6 install: `node-gyp rebuild`
310 error Exit status 1
311 error Failed at the x509@0.2.6 install script 'node-gyp rebuild'.
311 error Make sure you have the latest version of node.js and npm installed.
311 error If you do, this is most likely a problem with the x509 package,
311 error not with npm itself.
311 error Tell the author that this fails on your system:
311 error     node-gyp rebuild
311 error You can get information on how to open an issue for this project with:
311 error     npm bugs x509
311 error Or if that isn't available, you can get their info via:
311 error     npm owner ls x509
311 error There is likely additional logging output above.
312 verbose exit [ 1, true ]
